<?xml version="1.0" encoding="UTF-8"?>
<coverage generated="1506961052742" clover="3.2.0">
  <project timestamp="1506961052742" name="All files">
    <metrics statements="20" coveredstatements="17" conditionals="6" coveredconditionals="2" methods="7" coveredmethods="5" elements="33" coveredelements="24" complexity="0" loc="20" ncloc="20" packages="2" files="6" classes="6">
      <package name="js">
        <metrics statements="17" coveredstatements="15" conditionals="4" coveredconditionals="2" methods="6" coveredmethods="5"/>
        <file name="HeroCard.jsx" path="C:\Users\oke\Documents\MarvelApp\js\HeroCard.jsx">
          <metrics statements="4" coveredstatements="3" conditionals="0" coveredconditionals="0" methods="1" coveredmethods="0"/>
          <line num="5" count="1" type="stmt"/>
          <line num="36" count="1" type="stmt"/>
          <line num="37" count="0" type="stmt"/>
          <line num="45" count="1" type="stmt"/>
        </file>
        <file name="Master.jsx" path="C:\Users\oke\Documents\MarvelApp\js\Master.jsx">
          <metrics statements="9" coveredstatements="8" conditionals="4" coveredconditionals="2" methods="3" coveredmethods="3"/>
          <line num="6" count="1" type="stmt"/>
          <line num="11" count="1" type="stmt"/>
          <line num="12" count="2" type="stmt"/>
          <line num="16" count="32" type="cond" truecount="2" falsecount="2"/>
          <line num="17" count="32" type="stmt"/>
          <line num="19" count="0" type="stmt"/>
          <line num="25" count="32" type="stmt"/>
          <line num="30" count="1" type="stmt"/>
          <line num="35" count="1" type="stmt"/>
        </file>
        <file name="TopBar.jsx" path="C:\Users\oke\Documents\MarvelApp\js\TopBar.jsx">
          <metrics statements="4" coveredstatements="4" conditionals="0" coveredconditionals="0" methods="2" coveredmethods="2"/>
          <line num="7" count="1" type="stmt"/>
          <line num="13" count="1" type="stmt"/>
          <line num="25" count="1" type="stmt"/>
          <line num="28" count="3" type="stmt"/>
        </file>
      </package>
      <package name="js.styled">
        <metrics statements="3" coveredstatements="2" conditionals="2" coveredconditionals="0" methods="1" coveredmethods="0"/>
        <file name="HeroCard.js" path="C:\Users\oke\Documents\MarvelApp\js\styled\HeroCard.js">
          <metrics statements="1" coveredstatements="1" conditionals="0" coveredconditionals="0" methods="0" coveredmethods="0"/>
          <line num="3" count="1" type="stmt"/>
        </file>
        <file name="TopBarWrapper.js" path="C:\Users\oke\Documents\MarvelApp\js\styled\TopBarWrapper.js">
          <metrics statements="2" coveredstatements="1" conditionals="2" coveredconditionals="0" methods="1" coveredmethods="0"/>
          <line num="3" count="1" type="stmt"/>
          <line num="5" count="0" type="cond" truecount="0" falsecount="2"/>
        </file>
        <file name="index.js" path="C:\Users\oke\Documents\MarvelApp\js\styled\index.js">
          <metrics statements="0" coveredstatements="0" conditionals="0" coveredconditionals="0" methods="0" coveredmethods="0"/>
        </file>
      </package>
    </metrics>
  </project>
</coverage>
