{"C:\\Users\\oke\\Documents\\MarvelApp\\js\\HeroCard.jsx": {"path":"C:\\Users\\oke\\Documents\\MarvelApp\\js\\HeroCard.jsx","statementMap":{"0":{"start":{"line":5,"column":24},"end":{"line":34,"column":1}},"1":{"start":{"line":36,"column":17},"end":{"line":43,"column":1}},"2":{"start":{"line":37,"column":2},"end":{"line":42,"column":20}},"3":{"start":{"line":45,"column":0},"end":{"line":51,"column":2}}},"fnMap":{"0":{"name":"(anonymous_0)","decl":{"start":{"line":36,"column":17},"end":{"line":36,"column":18}},"loc":{"start":{"line":37,"column":2},"end":{"line":42,"column":20}},"line":37}},"branchMap":{},"s":{"0":1,"1":1,"2":0,"3":1},"f":{"0":0},"b":{},"_coverageSchema":"332fd63041d2c1bcb487cc26dd0d5f7d97098a6c","hash":"7b3214a662188f55f737b38f7a196ee58e788c9e"}
,"C:\\Users\\oke\\Documents\\MarvelApp\\js\\Master.jsx": {"path":"C:\\Users\\oke\\Documents\\MarvelApp\\js\\Master.jsx","statementMap":{"0":{"start":{"line":6,"column":24},"end":{"line":9,"column":1}},"1":{"start":{"line":11,"column":15},"end":{"line":28,"column":1}},"2":{"start":{"line":12,"column":2},"end":{"line":27,"column":8}},"3":{"start":{"line":16,"column":10},"end":{"line":18,"column":11}},"4":{"start":{"line":17,"column":12},"end":{"line":17,"column":24}},"5":{"start":{"line":19,"column":10},"end":{"line":23,"column":12}},"6":{"start":{"line":25,"column":21},"end":{"line":25,"column":59}},"7":{"start":{"line":30,"column":0},"end":{"line":33,"column":2}},"8":{"start":{"line":35,"column":0},"end":{"line":37,"column":2}}},"fnMap":{"0":{"name":"(anonymous_0)","decl":{"start":{"line":11,"column":15},"end":{"line":11,"column":16}},"loc":{"start":{"line":12,"column":2},"end":{"line":27,"column":8}},"line":12},"1":{"name":"(anonymous_1)","decl":{"start":{"line":15,"column":16},"end":{"line":15,"column":17}},"loc":{"start":{"line":15,"column":24},"end":{"line":24,"column":9}},"line":15},"2":{"name":"(anonymous_2)","decl":{"start":{"line":25,"column":13},"end":{"line":25,"column":14}},"loc":{"start":{"line":25,"column":21},"end":{"line":25,"column":59}},"line":25}},"branchMap":{"0":{"loc":{"start":{"line":16,"column":10},"end":{"line":18,"column":11}},"type":"if","locations":[{"start":{"line":16,"column":10},"end":{"line":18,"column":11}},{"start":{"line":16,"column":10},"end":{"line":18,"column":11}}],"line":16},"1":{"loc":{"start":{"line":16,"column":14},"end":{"line":16,"column":58}},"type":"binary-expr","locations":[{"start":{"line":16,"column":14},"end":{"line":16,"column":31}},{"start":{"line":16,"column":35},"end":{"line":16,"column":58}}],"line":16}},"s":{"0":1,"1":1,"2":2,"3":32,"4":32,"5":0,"6":32,"7":1,"8":1},"f":{"0":2,"1":32,"2":32},"b":{"0":[32,0],"1":[32,0]},"_coverageSchema":"332fd63041d2c1bcb487cc26dd0d5f7d97098a6c","hash":"7a0fc88ce2a368286e3fd54f0427d79be994e667"}
,"C:\\Users\\oke\\Documents\\MarvelApp\\js\\TopBar.jsx": {"path":"C:\\Users\\oke\\Documents\\MarvelApp\\js\\TopBar.jsx","statementMap":{"0":{"start":{"line":7,"column":13},"end":{"line":11,"column":1}},"1":{"start":{"line":13,"column":27},"end":{"line":18,"column":1}},"2":{"start":{"line":25,"column":27},"end":{"line":25,"column":76}},"3":{"start":{"line":28,"column":4},"end":{"line":39,"column":6}}},"fnMap":{"0":{"name":"(anonymous_0)","decl":{"start":{"line":25,"column":18},"end":{"line":25,"column":19}},"loc":{"start":{"line":25,"column":27},"end":{"line":25,"column":76}},"line":25},"1":{"name":"(anonymous_1)","decl":{"start":{"line":27,"column":2},"end":{"line":27,"column":3}},"loc":{"start":{"line":27,"column":11},"end":{"line":40,"column":3}},"line":27}},"branchMap":{},"s":{"0":1,"1":1,"2":1,"3":3},"f":{"0":1,"1":3},"b":{},"_coverageSchema":"332fd63041d2c1bcb487cc26dd0d5f7d97098a6c","hash":"f3883a1864e0b4cd4556b18949f83cc5965d93d2"}
,"C:\\Users\\oke\\Documents\\MarvelApp\\js\\styled\\HeroCard.js": {"path":"C:\\Users\\oke\\Documents\\MarvelApp\\js\\styled\\HeroCard.js","statementMap":{"0":{"start":{"line":3,"column":17},"end":{"line":7,"column":1}}},"fnMap":{},"branchMap":{},"s":{"0":1},"f":{},"b":{},"_coverageSchema":"332fd63041d2c1bcb487cc26dd0d5f7d97098a6c","hash":"99e76da3e43eea1ce805788f0294dc76a491519c"}
,"C:\\Users\\oke\\Documents\\MarvelApp\\js\\styled\\TopBarWrapper.js": {"path":"C:\\Users\\oke\\Documents\\MarvelApp\\js\\styled\\TopBarWrapper.js","statementMap":{"0":{"start":{"line":3,"column":22},"end":{"line":15,"column":1}},"1":{"start":{"line":5,"column":31},"end":{"line":5,"column":53}}},"fnMap":{"0":{"name":"(anonymous_0)","decl":{"start":{"line":5,"column":22},"end":{"line":5,"column":23}},"loc":{"start":{"line":5,"column":31},"end":{"line":5,"column":53}},"line":5}},"branchMap":{"0":{"loc":{"start":{"line":5,"column":31},"end":{"line":5,"column":53}},"type":"binary-expr","locations":[{"start":{"line":5,"column":31},"end":{"line":5,"column":44}},{"start":{"line":5,"column":48},"end":{"line":5,"column":53}}],"line":5}},"s":{"0":1,"1":0},"f":{"0":0},"b":{"0":[0,0]},"_coverageSchema":"332fd63041d2c1bcb487cc26dd0d5f7d97098a6c","hash":"d0ffb1febddcf91eba8edef2229125dc7311081a"}
,"C:\\Users\\oke\\Documents\\MarvelApp\\js\\styled\\index.js": {"path":"C:\\Users\\oke\\Documents\\MarvelApp\\js\\styled\\index.js","statementMap":{},"fnMap":{},"branchMap":{},"s":{},"f":{},"b":{},"_coverageSchema":"332fd63041d2c1bcb487cc26dd0d5f7d97098a6c","hash":"2a118e01ca997331662020b2c3e06e19357e1c6a"}
}
