TN:
SF:C:\Users\oke\Documents\MarvelApp\js\HeroCard.jsx
FN:36,(anonymous_0)
FNF:1
FNH:0
FNDA:0,(anonymous_0)
DA:5,1
DA:36,1
DA:37,0
DA:45,1
LF:4
LH:3
BRF:0
BRH:0
end_of_record
TN:
SF:C:\Users\oke\Documents\MarvelApp\js\Master.jsx
FN:11,(anonymous_0)
FN:15,(anonymous_1)
FN:25,(anonymous_2)
FNF:3
FNH:3
FNDA:2,(anonymous_0)
FNDA:32,(anonymous_1)
FNDA:32,(anonymous_2)
DA:6,1
DA:11,1
DA:12,2
DA:16,32
DA:17,32
DA:19,0
DA:25,32
DA:30,1
DA:35,1
LF:9
LH:8
BRDA:16,0,0,32
BRDA:16,0,1,0
BRDA:16,1,0,32
BRDA:16,1,1,0
BRF:4
BRH:2
end_of_record
TN:
SF:C:\Users\oke\Documents\MarvelApp\js\TopBar.jsx
FN:25,(anonymous_0)
FN:27,(anonymous_1)
FNF:2
FNH:2
FNDA:1,(anonymous_0)
FNDA:3,(anonymous_1)
DA:7,1
DA:13,1
DA:25,1
DA:28,3
LF:4
LH:4
BRF:0
BRH:0
end_of_record
TN:
SF:C:\Users\oke\Documents\MarvelApp\js\styled\HeroCard.js
FNF:0
FNH:0
DA:3,1
LF:1
LH:1
BRF:0
BRH:0
end_of_record
TN:
SF:C:\Users\oke\Documents\MarvelApp\js\styled\TopBarWrapper.js
FN:5,(anonymous_0)
FNF:1
FNH:0
FNDA:0,(anonymous_0)
DA:3,1
DA:5,0
LF:2
LH:1
BRDA:5,0,0,0
BRDA:5,0,1,0
BRF:2
BRH:0
end_of_record
TN:
SF:C:\Users\oke\Documents\MarvelApp\js\styled\index.js
FNF:0
FNH:0
LF:0
LH:0
BRF:0
BRH:0
end_of_record
